# JRE version: 7.0_09-b05
# Java VM: Java HotSpot(TM) 64-Bit Server VM (23.5-b02 mixed mode windows-amd64 compressed oops)
Heap
 PSYoungGen      total 646976K, used 632353K [0x00000007d5560000, 0x00000007ff680000, 0x0000000800000000)
  eden space 646656K, 97% used [0x00000007d5560000,0x00000007fbe9c720,0x00000007fcce0000)
  from space 320K, 95% used [0x00000007ff630000,0x00000007ff67c010,0x00000007ff680000)
  to   space 9664K, 0% used [0x00000007fe3a0000,0x00000007fe3a0000,0x00000007fed10000)
 ParOldGen       total 87424K, used 19777K [0x0000000780000000, 0x0000000785560000, 0x00000007d5560000)
  object space 87424K, 22% used [0x0000000780000000,0x0000000781350580,0x0000000785560000)
 PSPermGen       total 23168K, used 23062K [0x000000077ae00000, 0x000000077c4a0000, 0x0000000780000000)
  object space 23168K, 99% used [0x000000077ae00000,0x000000077c485a00,0x000000077c4a0000)
GC Heap History (10 events):
Event: 138.266 GC heap before
{Heap before GC invocations=12 (full 0):
 PSYoungGen      total 428672K, used 419751K [0x00000007d5560000, 0x00000007ff780000, 0x0000000800000000)
  eden space 419264K, 100% used [0x00000007d5560000,0x00000007eeed0000,0x00000007eeed0000)
  from space 9408K, 5% used [0x00000007eeed0000,0x00000007eef49d00,0x00000007ef800000)
  to   space 9728K, 0% used [0x00000007fee00000,0x00000007fee00000,0x00000007ff780000)
 ParOldGen       total 87424K, used 19364K [0x0000000780000000, 0x0000000785560000, 0x00000007d5560000)
  object space 87424K, 22% used [0x0000000780000000,0x00000007812e9340,0x0000000785560000)
 PSPermGen       total 22976K, used 22866K [0x000000077ae00000, 0x000000077c470000, 0x0000000780000000)
  object space 22976K, 99% used [0x000000077ae00000,0x000000077c4549f0,0x000000077c470000)
Event: 138.272 GC heap after
Heap after GC invocations=12 (full 0):
 PSYoungGen      total 680384K, used 640K [0x00000007d5560000, 0x00000007ff7e0000, 0x0000000800000000)
  eden space 670656K, 0% used [0x00000007d5560000,0x00000007d5560000,0x00000007fe450000)
  from space 9728K, 6% used [0x00000007fee00000,0x00000007feea0240,0x00000007ff780000)
  to   space 9920K, 0% used [0x00000007fe450000,0x00000007fe450000,0x00000007fee00000)
 ParOldGen       total 87424K, used 19525K [0x0000000780000000, 0x0000000785560000, 0x00000007d5560000)
  object space 87424K, 22% used [0x0000000780000000,0x0000000781311470,0x0000000785560000)
 PSPermGen       total 22976K, used 22866K [0x000000077ae00000, 0x000000077c470000, 0x0000000780000000)
  object space 22976K, 99% used [0x000000077ae00000,0x000000077c4549f0,0x000000077c470000)
}
Event: 153.647 GC heap before
{Heap before GC invocations=13 (full 0):
 PSYoungGen      total 680384K, used 671296K [0x00000007d5560000, 0x00000007ff7e0000, 0x0000000800000000)
  eden space 670656K, 100% used [0x00000007d5560000,0x00000007fe450000,0x00000007fe450000)
  from space 9728K, 6% used [0x00000007fee00000,0x00000007feea0240,0x00000007ff780000)
  to   space 9920K, 0% used [0x00000007fe450000,0x00000007fe450000,0x00000007fee00000)
 ParOldGen       total 87424K, used 19525K [0x0000000780000000, 0x0000000785560000, 0x00000007d5560000)
  object space 87424K, 22% used [0x0000000780000000,0x0000000781311470,0x0000000785560000)
 PSPermGen       total 22976K, used 22894K [0x000000077ae00000, 0x000000077c470000, 0x0000000780000000)
  object space 22976K, 99% used [0x000000077ae00000,0x000000077c45bbc8,0x000000077c470000)
Event: 153.649 GC heap after
Heap after GC invocations=13 (full 0):
 PSYoungGen      total 680576K, used 128K [0x00000007d5560000, 0x0000000800000000, 0x0000000800000000)
  eden space 670656K, 0% used [0x00000007d5560000,0x00000007d5560000,0x00000007fe450000)
  from space 9920K, 1% used [0x00000007fe450000,0x00000007fe470000,0x00000007fee00000)
  to   space 9984K, 0% used [0x00000007ff640000,0x00000007ff640000,0x0000000800000000)
 ParOldGen       total 87424K, used 19721K [0x0000000780000000, 0x0000000785560000, 0x00000007d5560000)
  object space 87424K, 22% used [0x0000000780000000,0x0000000781342570,0x0000000785560000)
 PSPermGen       total 22976K, used 22894K [0x000000077ae00000, 0x000000077c470000, 0x0000000780000000)
  object space 22976K, 99% used [0x000000077ae00000,0x000000077c45bbc8,0x000000077c470000)
}
Event: 167.330 GC heap before
{Heap before GC invocations=14 (full 0):
 PSYoungGen      total 680576K, used 670784K [0x00000007d5560000, 0x0000000800000000, 0x0000000800000000)
  eden space 670656K, 100% used [0x00000007d5560000,0x00000007fe450000,0x00000007fe450000)
  from space 9920K, 1% used [0x00000007fe450000,0x00000007fe470000,0x00000007fee00000)
  to   space 9984K, 0% used [0x00000007ff640000,0x00000007ff640000,0x0000000800000000)
 ParOldGen       total 87424K, used 19721K [0x0000000780000000, 0x0000000785560000, 0x00000007d5560000)
  object space 87424K, 22% used [0x0000000780000000,0x0000000781342570,0x0000000785560000)
 PSPermGen       total 22976K, used 22902K [0x000000077ae00000, 0x000000077c470000, 0x0000000780000000)
  object space 22976K, 99% used [0x000000077ae00000,0x000000077c45d8e8,0x000000077c470000)
Event: 167.332 GC heap after
Heap after GC invocations=14 (full 0):
 PSYoungGen      total 689024K, used 160K [0x00000007d5560000, 0x0000000800000000, 0x0000000800000000)
  eden space 679040K, 0% used [0x00000007d5560000,0x00000007d5560000,0x00000007fec80000)
  from space 9984K, 1% used [0x00000007ff640000,0x00000007ff668000,0x0000000800000000)
  to   space 9984K, 0% used [0x00000007fec80000,0x00000007fec80000,0x00000007ff640000)
 ParOldGen       total 87424K, used 19737K [0x0000000780000000, 0x0000000785560000, 0x00000007d5560000)
  object space 87424K, 22% used [0x0000000780000000,0x0000000781346570,0x0000000785560000)
 PSPermGen       total 22976K, used 22902K [0x000000077ae00000, 0x000000077c470000, 0x0000000780000000)
  object space 22976K, 99% used [0x000000077ae00000,0x000000077c45d8e8,0x000000077c470000)
}
Event: 180.277 GC heap before
{Heap before GC invocations=15 (full 0):
 PSYoungGen      total 689024K, used 679200K [0x00000007d5560000, 0x0000000800000000, 0x0000000800000000)
  eden space 679040K, 100% used [0x00000007d5560000,0x00000007fec80000,0x00000007fec80000)
  from space 9984K, 1% used [0x00000007ff640000,0x00000007ff668000,0x0000000800000000)
  to   space 9984K, 0% used [0x00000007fec80000,0x00000007fec80000,0x00000007ff640000)
 ParOldGen       total 87424K, used 19737K [0x0000000780000000, 0x0000000785560000, 0x00000007d5560000)
  object space 87424K, 22% used [0x0000000780000000,0x0000000781346570,0x0000000785560000)
 PSPermGen       total 22976K, used 22910K [0x000000077ae00000, 0x000000077c470000, 0x0000000780000000)
  object space 22976K, 99% used [0x000000077ae00000,0x000000077c45f938,0x000000077c470000)
Event: 180.278 GC heap after
Heap after GC invocations=15 (full 0):
 PSYoungGen      total 679168K, used 96K [0x00000007d5560000, 0x00000007fffe0000, 0x0000000800000000)
  eden space 679040K, 0% used [0x00000007d5560000,0x00000007d5560000,0x00000007fec80000)
  from space 128K, 75% used [0x00000007fec80000,0x00000007fec98000,0x00000007feca0000)
  to   space 9920K, 0% used [0x00000007ff630000,0x00000007ff630000,0x00000007fffe0000)
 ParOldGen       total 87424K, used 19761K [0x0000000780000000, 0x0000000785560000, 0x00000007d5560000)
  object space 87424K, 22% used [0x0000000780000000,0x000000078134c570,0x0000000785560000)
 PSPermGen       total 22976K, used 22910K [0x000000077ae00000, 0x000000077c470000, 0x0000000780000000)
  object space 22976K, 99% used [0x000000077ae00000,0x000000077c45f938,0x000000077c470000)
}
Event: 192.885 GC heap before
{Heap before GC invocations=16 (full 0):
 PSYoungGen      total 679168K, used 679136K [0x00000007d5560000, 0x00000007fffe0000, 0x0000000800000000)
  eden space 679040K, 100% used [0x00000007d5560000,0x00000007fec80000,0x00000007fec80000)
  from space 128K, 75% used [0x00000007fec80000,0x00000007fec98000,0x00000007feca0000)
  to   space 9920K, 0% used [0x00000007ff630000,0x00000007ff630000,0x00000007fffe0000)
 ParOldGen       total 87424K, used 19761K [0x0000000780000000, 0x0000000785560000, 0x00000007d5560000)
  object space 87424K, 22% used [0x0000000780000000,0x000000078134c570,0x0000000785560000)
 PSPermGen       total 22976K, used 22929K [0x000000077ae00000, 0x000000077c470000, 0x0000000780000000)
  object space 22976K, 99% used [0x000000077ae00000,0x000000077c464620,0x000000077c470000)
Event: 192.888 GC heap after
Heap after GC invocations=16 (full 0):
 PSYoungGen      total 646976K, used 304K [0x00000007d5560000, 0x00000007ff680000, 0x0000000800000000)
  eden space 646656K, 0% used [0x00000007d5560000,0x00000007d5560000,0x00000007fcce0000)
  from space 320K, 95% used [0x00000007ff630000,0x00000007ff67c010,0x00000007ff680000)
  to   space 9664K, 0% used [0x00000007fe3a0000,0x00000007fe3a0000,0x00000007fed10000)
 ParOldGen       total 87424K, used 19777K [0x0000000780000000, 0x0000000785560000, 0x00000007d5560000)
  object space 87424K, 22% used [0x0000000780000000,0x0000000781350580,0x0000000785560000)
 PSPermGen       total 22976K, used 22929K [0x000000077ae00000, 0x000000077c470000, 0x0000000780000000)
  object space 22976K, 99% used [0x000000077ae00000,0x000000077c464620,0x000000077c470000)
}

