# JRE version: 7.0_09-b05
# Java VM: Java HotSpot(TM) 64-Bit Server VM (23.5-b02 mixed mode windows-amd64 compressed oops)
Heap
 PSYoungGen      total 13504K, used 10074K [0x00000007d5560000, 0x00000007f7070000, 0x0000000800000000)
  eden space 13120K, 74% used [0x00000007d5560000,0x00000007d5ede928,0x00000007d6230000)
  from space 384K, 91% used [0x00000007f7010000,0x00000007f7068000,0x00000007f7070000)
  to   space 960K, 0% used [0x00000007f6e90000,0x00000007f6e90000,0x00000007f6f80000)
 ParOldGen       total 87424K, used 41888K [0x0000000780000000, 0x0000000785560000, 0x00000007d5560000)
  object space 87424K, 47% used [0x0000000780000000,0x00000007828e8150,0x0000000785560000)
 PSPermGen       total 22208K, used 22095K [0x000000077ae00000, 0x000000077c3b0000, 0x0000000780000000)
  object space 22208K, 99% used [0x000000077ae00000,0x000000077c393d30,0x000000077c3b0000)
GC Heap History (10 events):
Event: 323.837 GC heap before
{Heap before GC invocations=174 (full 0):
 PSYoungGen      total 14464K, used 14432K [0x00000007d5560000, 0x00000007f7300000, 0x0000000800000000)
  eden space 14080K, 100% used [0x00000007d5560000,0x00000007d6320000,0x00000007d6320000)
  from space 384K, 91% used [0x00000007f70f0000,0x00000007f7148000,0x00000007f7150000)
  to   space 1088K, 0% used [0x00000007f71f0000,0x00000007f71f0000,0x00000007f7300000)
 ParOldGen       total 87424K, used 41097K [0x0000000780000000, 0x0000000785560000, 0x00000007d5560000)
  object space 87424K, 47% used [0x0000000780000000,0x0000000782822710,0x0000000785560000)
 PSPermGen       total 22208K, used 22081K [0x000000077ae00000, 0x000000077c3b0000, 0x0000000780000000)
  object space 22208K, 99% used [0x000000077ae00000,0x000000077c3905c8,0x000000077c3b0000)
Event: 323.838 GC heap after
Heap after GC invocations=174 (full 0):
 PSYoungGen      total 14080K, used 192K [0x00000007d5560000, 0x00000007f7220000, 0x0000000800000000)
  eden space 13888K, 0% used [0x00000007d5560000,0x00000007d5560000,0x00000007d62f0000)
  from space 192K, 100% used [0x00000007f71f0000,0x00000007f7220000,0x00000007f7220000)
  to   space 1088K, 0% used [0x00000007f7000000,0x00000007f7000000,0x00000007f7110000)
 ParOldGen       total 87424K, used 41113K [0x0000000780000000, 0x0000000785560000, 0x00000007d5560000)
  object space 87424K, 47% used [0x0000000780000000,0x0000000782826710,0x0000000785560000)
 PSPermGen       total 22208K, used 22081K [0x000000077ae00000, 0x000000077c3b0000, 0x0000000780000000)
  object space 22208K, 99% used [0x000000077ae00000,0x000000077c3905c8,0x000000077c3b0000)
}
Event: 325.701 GC heap before
{Heap before GC invocations=175 (full 0):
 PSYoungGen      total 14080K, used 14080K [0x00000007d5560000, 0x00000007f7220000, 0x0000000800000000)
  eden space 13888K, 100% used [0x00000007d5560000,0x00000007d62f0000,0x00000007d62f0000)
  from space 192K, 100% used [0x00000007f71f0000,0x00000007f7220000,0x00000007f7220000)
  to   space 1088K, 0% used [0x00000007f7000000,0x00000007f7000000,0x00000007f7110000)
 ParOldGen       total 87424K, used 41113K [0x0000000780000000, 0x0000000785560000, 0x00000007d5560000)
  object space 87424K, 47% used [0x0000000780000000,0x0000000782826710,0x0000000785560000)
 PSPermGen       total 22208K, used 22092K [0x000000077ae00000, 0x000000077c3b0000, 0x0000000780000000)
  object space 22208K, 99% used [0x000000077ae00000,0x000000077c3931d8,0x000000077c3b0000)
Event: 325.703 GC heap after
Heap after GC invocations=175 (full 0):
 PSYoungGen      total 14272K, used 532K [0x00000007d5560000, 0x00000007f7200000, 0x0000000800000000)
  eden space 13696K, 0% used [0x00000007d5560000,0x00000007d5560000,0x00000007d62c0000)
  from space 576K, 92% used [0x00000007f7000000,0x00000007f70853b0,0x00000007f7090000)
  to   space 1088K, 0% used [0x00000007f70f0000,0x00000007f70f0000,0x00000007f7200000)
 ParOldGen       total 87424K, used 41161K [0x0000000780000000, 0x0000000785560000, 0x00000007d5560000)
  object space 87424K, 47% used [0x0000000780000000,0x0000000782832710,0x0000000785560000)
 PSPermGen       total 22208K, used 22092K [0x000000077ae00000, 0x000000077c3b0000, 0x0000000780000000)
  object space 22208K, 99% used [0x000000077ae00000,0x000000077c3931d8,0x000000077c3b0000)
}
Event: 327.143 GC heap before
{Heap before GC invocations=176 (full 0):
 PSYoungGen      total 14272K, used 14228K [0x00000007d5560000, 0x00000007f7200000, 0x0000000800000000)
  eden space 13696K, 100% used [0x00000007d5560000,0x00000007d62c0000,0x00000007d62c0000)
  from space 576K, 92% used [0x00000007f7000000,0x00000007f70853b0,0x00000007f7090000)
  to   space 1088K, 0% used [0x00000007f70f0000,0x00000007f70f0000,0x00000007f7200000)
 ParOldGen       total 87424K, used 41161K [0x0000000780000000, 0x0000000785560000, 0x00000007d5560000)
  object space 87424K, 47% used [0x0000000780000000,0x0000000782832710,0x0000000785560000)
 PSPermGen       total 22208K, used 22093K [0x000000077ae00000, 0x000000077c3b0000, 0x0000000780000000)
  object space 22208K, 99% used [0x000000077ae00000,0x000000077c393488,0x000000077c3b0000)
Event: 327.145 GC heap after
Heap after GC invocations=176 (full 0):
 PSYoungGen      total 13888K, used 353K [0x00000007d5560000, 0x00000007f7150000, 0x0000000800000000)
  eden space 13504K, 0% used [0x00000007d5560000,0x00000007d5560000,0x00000007d6290000)
  from space 384K, 91% used [0x00000007f70f0000,0x00000007f7148460,0x00000007f7150000)
  to   space 1024K, 0% used [0x00000007f6f50000,0x00000007f6f50000,0x00000007f7050000)
 ParOldGen       total 87424K, used 41527K [0x0000000780000000, 0x0000000785560000, 0x00000007d5560000)
  object space 87424K, 47% used [0x0000000780000000,0x000000078288dcf0,0x0000000785560000)
 PSPermGen       total 22208K, used 22093K [0x000000077ae00000, 0x000000077c3b0000, 0x0000000780000000)
  object space 22208K, 99% used [0x000000077ae00000,0x000000077c393488,0x000000077c3b0000)
}
Event: 329.001 GC heap before
{Heap before GC invocations=177 (full 0):
 PSYoungGen      total 13888K, used 13857K [0x00000007d5560000, 0x00000007f7150000, 0x0000000800000000)
  eden space 13504K, 100% used [0x00000007d5560000,0x00000007d6290000,0x00000007d6290000)
  from space 384K, 91% used [0x00000007f70f0000,0x00000007f7148460,0x00000007f7150000)
  to   space 1024K, 0% used [0x00000007f6f50000,0x00000007f6f50000,0x00000007f7050000)
 ParOldGen       total 87424K, used 41527K [0x0000000780000000, 0x0000000785560000, 0x00000007d5560000)
  object space 87424K, 47% used [0x0000000780000000,0x000000078288dcf0,0x0000000785560000)
 PSPermGen       total 22208K, used 22093K [0x000000077ae00000, 0x000000077c3b0000, 0x0000000780000000)
  object space 22208K, 99% used [0x000000077ae00000,0x000000077c393750,0x000000077c3b0000)
Event: 329.003 GC heap after
Heap after GC invocations=177 (full 0):
 PSYoungGen      total 13632K, used 288K [0x00000007d5560000, 0x00000007f7100000, 0x0000000800000000)
  eden space 13312K, 0% used [0x00000007d5560000,0x00000007d5560000,0x00000007d6260000)
  from space 320K, 90% used [0x00000007f6f50000,0x00000007f6f98000,0x00000007f6fa0000)
  to   space 960K, 0% used [0x00000007f7010000,0x00000007f7010000,0x00000007f7100000)
 ParOldGen       total 87424K, used 41712K [0x0000000780000000, 0x0000000785560000, 0x00000007d5560000)
  object space 87424K, 47% used [0x0000000780000000,0x00000007828bc150,0x0000000785560000)
 PSPermGen       total 22208K, used 22093K [0x000000077ae00000, 0x000000077c3b0000, 0x0000000780000000)
  object space 22208K, 99% used [0x000000077ae00000,0x000000077c393750,0x000000077c3b0000)
}
Event: 331.287 GC heap before
{Heap before GC invocations=178 (full 0):
 PSYoungGen      total 13632K, used 13600K [0x00000007d5560000, 0x00000007f7100000, 0x0000000800000000)
  eden space 13312K, 100% used [0x00000007d5560000,0x00000007d6260000,0x00000007d6260000)
  from space 320K, 90% used [0x00000007f6f50000,0x00000007f6f98000,0x00000007f6fa0000)
  to   space 960K, 0% used [0x00000007f7010000,0x00000007f7010000,0x00000007f7100000)
 ParOldGen       total 87424K, used 41712K [0x0000000780000000, 0x0000000785560000, 0x00000007d5560000)
  object space 87424K, 47% used [0x0000000780000000,0x00000007828bc150,0x0000000785560000)
 PSPermGen       total 22208K, used 22093K [0x000000077ae00000, 0x000000077c3b0000, 0x0000000780000000)
  object space 22208K, 99% used [0x000000077ae00000,0x000000077c393750,0x000000077c3b0000)
Event: 331.291 GC heap after
Heap after GC invocations=178 (full 0):
 PSYoungGen      total 13504K, used 352K [0x00000007d5560000, 0x00000007f7070000, 0x0000000800000000)
  eden space 13120K, 0% used [0x00000007d5560000,0x00000007d5560000,0x00000007d6230000)
  from space 384K, 91% used [0x00000007f7010000,0x00000007f7068000,0x00000007f7070000)
  to   space 960K, 0% used [0x00000007f6e90000,0x00000007f6e90000,0x00000007f6f80000)
 ParOldGen       total 87424K, used 41888K [0x0000000780000000, 0x0000000785560000, 0x00000007d5560000)
  object space 87424K, 47% used [0x0000000780000000,0x00000007828e8150,0x0000000785560000)
 PSPermGen       total 22208K, used 22093K [0x000000077ae00000, 0x000000077c3b0000, 0x0000000780000000)
  object space 22208K, 99% used [0x000000077ae00000,0x000000077c393750,0x000000077c3b0000)
}

